<?xml version="1.0" encoding="UTF-8"?>
<!-- Generated by org.testng.reporters.JUnitXMLReporter -->
<testsuite hostname="DESKTOP-DRRO17G" name="test2" tests="3" failures="0" timestamp="29 Jun 2019 10:31:59 GMT" time="32.77" errors="0">
  <testcase name="launchBrowser" time="7.68" classname="framework_testng.CrossBrowser.CrossBrowser_Test"/>
  <testcase name="loadApp" time="9.045" classname="framework_testng.CrossBrowser.CrossBrowser_Test"/>
  <testcase name="flight_search" time="10.053" classname="framework_testng.CrossBrowser.CrossBrowser_Test"/>
</testsuite> <!-- test2 -->
