<?xml version="1.0" encoding="UTF-8"?>
<!-- Generated by org.testng.reporters.JUnitXMLReporter -->
<testsuite hostname="DESKTOP-DRRO17G" name="firefox" tests="6" failures="0" timestamp="29 Jun 2019 10:43:24 GMT" time="0.024" errors="0">
  <testcase name="tc001" time="0.002" classname="framework_testng.BeforeTest_and_AfterTest.TestSuite1"/>
  <testcase name="tc002" time="0.001" classname="framework_testng.BeforeTest_and_AfterTest.TestSuite1"/>
  <testcase name="tc003" time="0.001" classname="framework_testng.BeforeTest_and_AfterTest.TestSuite1"/>
  <testcase name="tc004" time="0.002" classname="framework_testng.BeforeTest_and_AfterTest.TestSuite2"/>
  <testcase name="tc005" time="0.002" classname="framework_testng.BeforeTest_and_AfterTest.TestSuite2"/>
  <testcase name="tc006" time="0.001" classname="framework_testng.BeforeTest_and_AfterTest.TestSuite2"/>
</testsuite> <!-- firefox -->
