<?xml version="1.0" encoding="UTF-8"?>
<!-- Generated by org.testng.reporters.JUnitXMLReporter -->
<testsuite hostname="DESKTOP-DRRO17G" name="testfirefox" tests="5" failures="0" timestamp="29 Jun 2019 10:04:26 GMT" time="0.051" errors="0">
  <testcase name="tc001" time="0.01" classname="framework_testng.Groups.TestSuite1"/>
  <testcase name="tc003" time="0.002" classname="framework_testng.Groups.TestSuite1"/>
  <testcase name="tc004" time="0.003" classname="framework_testng.Groups.TestSuite2"/>
  <testcase name="tc006" time="0.001" classname="framework_testng.Groups.TestSuite2"/>
  <testcase name="tc008" time="0.003" classname="framework_testng.Groups.TestSuite3"/>
</testsuite> <!-- testfirefox -->
