<?xml version="1.0" encoding="UTF-8"?>
<!-- Generated by org.testng.reporters.JUnitXMLReporter -->
<testsuite hostname="DESKTOP-DRRO17G" name="test1" tests="10" failures="1" timestamp="29 Jun 2019 12:16:02 GMT" time="0.094" errors="0">
  <testcase name="tc001" time="0.02" classname="framework_testng.Test_listners.MyTest"/>
  <testcase name="tc002" time="0.003" classname="framework_testng.Test_listners.MyTest">
    <failure type="java.lang.AssertionError" message="expected [google] but found [gmail]">
      <![CDATA[java.lang.AssertionError: expected [google] but found [gmail]
	at framework_testng.Test_listners.MyTest.tc002(MyTest.java:18)
... Removed 30 stack frames]]>
    </failure>
  </testcase> <!-- tc002 -->
  <testcase name="tc003" time="0.002" classname="framework_testng.Test_listners.MyTest">
    <skipped/>
  </testcase> <!-- tc003 -->
  <testcase name="tc004" time="0.002" classname="framework_testng.Test_listners.MyTest"/>
  <testcase name="tc005" time="0.001" classname="framework_testng.Test_listners.MyTest">
    <skipped/>
  </testcase> <!-- tc005 -->
  <testcase name="tc006" time="0.002" classname="framework_testng.Test_listners.MyTest"/>
  <testcase name="tc006" time="0.002" classname="framework_testng.Test_listners.MyTest"/>
  <testcase name="tc006" time="0.002" classname="framework_testng.Test_listners.MyTest"/>
  <testcase name="tc006" time="0.003" classname="framework_testng.Test_listners.MyTest"/>
  <testcase name="tc006" time="0.002" classname="framework_testng.Test_listners.MyTest"/>
</testsuite> <!-- test1 -->
